<?xml version="1.0" encoding="UTF-8"?>
<testng-results ignored="0" total="1" passed="1" failed="0" skipped="0">
  <reporter-output>
  </reporter-output>
  <suite started-at="2023-12-29T16:58:32 IST" name="Default suite" finished-at="2023-12-29T16:59:08 IST" duration-ms="35288">
    <groups>
    </groups>
    <test started-at="2023-12-29T16:58:32 IST" name="Default test" finished-at="2023-12-29T16:59:08 IST" duration-ms="35288">
      <class name="sampledemo.RoboImage">
        <test-method is-config="true" signature="browserLaunch()[pri:0, instance:sampledemo.RoboImage@212b5695]" started-at="2023-12-29T16:58:32 IST" name="browserLaunch" finished-at="2023-12-29T16:58:42 IST" duration-ms="10028" status="PASS">
          <reporter-output>
          </reporter-output>
        </test-method> <!-- browserLaunch -->
        <test-method signature="chooseFile()[pri:0, instance:sampledemo.RoboImage@212b5695]" started-at="2023-12-29T16:58:42 IST" name="chooseFile" finished-at="2023-12-29T16:59:07 IST" duration-ms="25204" status="PASS">
          <reporter-output>
          </reporter-output>
        </test-method> <!-- chooseFile -->
      </class> <!-- sampledemo.RoboImage -->
    </test> <!-- Default test -->
  </suite> <!-- Default suite -->
</testng-results>
